Info: Starting: Create block symbol file (.bsf)
Info: qsys-generate D:\m10brd_r07\max10\r07c_de10_20201014_abus4\wasca.qsys --block-symbol-file --output-directory=D:\m10brd_r07\max10\r07c_de10_20201014_abus4\wasca --family="MAX 10" --part=10M50DAF484C7G
Progress: Loading r07c_de10_20201014_abus4/wasca.qsys
Progress: Reading input file
Progress: Adding abus_avalon_sdram_bridge_0 [abus_avalon_sdram_bridge 1.0]
Progress: Parameterizing module abus_avalon_sdram_bridge_0
Progress: Adding altpll_1 [altpll 15.1]
Progress: Parameterizing module altpll_1
Progress: Adding buffered_spi_0 [buffered_spi 1.0]
Progress: Parameterizing module buffered_spi_0
Progress: Adding clk_0 [clock_source 15.1]
Progress: Parameterizing module clk_0
Progress: Adding clk_1 [clock_source 15.1]
Progress: Parameterizing module clk_1
Progress: Adding extra_leds [altera_avalon_pio 15.1]
Progress: Parameterizing module extra_leds
Progress: Adding hex0 [altera_avalon_pio 15.1]
Progress: Parameterizing module hex0
Progress: Adding hex1 [altera_avalon_pio 15.1]
Progress: Parameterizing module hex1
Progress: Adding hex2 [altera_avalon_pio 15.1]
Progress: Parameterizing module hex2
Progress: Adding hex3 [altera_avalon_pio 15.1]
Progress: Parameterizing module hex3
Progress: Adding hex4 [altera_avalon_pio 15.1]
Progress: Parameterizing module hex4
Progress: Adding hex5 [altera_avalon_pio 15.1]
Progress: Parameterizing module hex5
Progress: Adding hexdot [altera_avalon_pio 15.1]
Progress: Parameterizing module hexdot
Progress: Adding leds [altera_avalon_pio 15.1]
Progress: Parameterizing module leds
Progress: Adding nios2_gen2_0 [altera_nios2_gen2 15.1]
Progress: Parameterizing module nios2_gen2_0
Progress: Adding onchip_flash_0 [altera_onchip_flash 15.1.1]
Progress: Parameterizing module onchip_flash_0
Progress: Adding onchip_memory2_0 [altera_avalon_onchip_memory2 15.1]
Progress: Parameterizing module onchip_memory2_0
Progress: Adding performance_counter_0 [altera_avalon_performance_counter 15.1]
Progress: Parameterizing module performance_counter_0
Progress: Adding reset_controller_0 [altera_reset_controller 15.1]
Progress: Parameterizing module reset_controller_0
Progress: Adding spi_sync [altera_avalon_pio 15.1]
Progress: Parameterizing module spi_sync
Progress: Adding switches [altera_avalon_pio 15.1]
Progress: Parameterizing module switches
Progress: Adding uart_0 [altera_avalon_uart 15.1]
Progress: Parameterizing module uart_0
Progress: Building connections
Progress: Parameterizing connections
Progress: Validating
Progress: Done reading input file
Info: qsys-generate succeeded.
Info: Finished: Create block symbol file (.bsf)
Info: 
Info: Starting: Create HDL design files for synthesis
Info: qsys-generate D:\m10brd_r07\max10\r07c_de10_20201014_abus4\wasca.qsys --synthesis=VERILOG --output-directory=D:\m10brd_r07\max10\r07c_de10_20201014_abus4\wasca\synthesis --family="MAX 10" --part=10M50DAF484C7G
Progress: Loading r07c_de10_20201014_abus4/wasca.qsys
Progress: Reading input file
Progress: Adding abus_avalon_sdram_bridge_0 [abus_avalon_sdram_bridge 1.0]
Progress: Parameterizing module abus_avalon_sdram_bridge_0
Progress: Adding altpll_1 [altpll 15.1]
Progress: Parameterizing module altpll_1
Progress: Adding buffered_spi_0 [buffered_spi 1.0]
Progress: Parameterizing module buffered_spi_0
Progress: Adding clk_0 [clock_source 15.1]
Progress: Parameterizing module clk_0
Progress: Adding clk_1 [clock_source 15.1]
Progress: Parameterizing module clk_1
Progress: Adding extra_leds [altera_avalon_pio 15.1]
Progress: Parameterizing module extra_leds
Progress: Adding hex0 [altera_avalon_pio 15.1]
Progress: Parameterizing module hex0
Progress: Adding hex1 [altera_avalon_pio 15.1]
Progress: Parameterizing module hex1
Progress: Adding hex2 [altera_avalon_pio 15.1]
Progress: Parameterizing module hex2
Progress: Adding hex3 [altera_avalon_pio 15.1]
Progress: Parameterizing module hex3
Progress: Adding hex4 [altera_avalon_pio 15.1]
Progress: Parameterizing module hex4
Progress: Adding hex5 [altera_avalon_pio 15.1]
Progress: Parameterizing module hex5
Progress: Adding hexdot [altera_avalon_pio 15.1]
Progress: Parameterizing module hexdot
Progress: Adding leds [altera_avalon_pio 15.1]
Progress: Parameterizing module leds
Progress: Adding nios2_gen2_0 [altera_nios2_gen2 15.1]
Progress: Parameterizing module nios2_gen2_0
Progress: Adding onchip_flash_0 [altera_onchip_flash 15.1.1]
Progress: Parameterizing module onchip_flash_0
Progress: Adding onchip_memory2_0 [altera_avalon_onchip_memory2 15.1]
Progress: Parameterizing module onchip_memory2_0
Progress: Adding performance_counter_0 [altera_avalon_performance_counter 15.1]
Progress: Parameterizing module performance_counter_0
Progress: Adding reset_controller_0 [altera_reset_controller 15.1]
Progress: Parameterizing module reset_controller_0
Progress: Adding spi_sync [altera_avalon_pio 15.1]
Progress: Parameterizing module spi_sync
Progress: Adding switches [altera_avalon_pio 15.1]
Progress: Parameterizing module switches
Progress: Adding uart_0 [altera_avalon_uart 15.1]
Progress: Parameterizing module uart_0
Progress: Building connections
Progress: Parameterizing connections
Progress: Validating
Progress: Done reading input file
Info: wasca: Generating wasca "wasca" for QUARTUS_SYNTH
Info: Inserting clock-crossing logic between cmd_demux.src7 and cmd_mux_007.sink0
Info: Inserting clock-crossing logic between rsp_demux_007.src0 and rsp_mux.sink7
Warning: wasca: "No matching role found for uart_0:s1:dataavailable (dataavailable)"
Warning: wasca: "No matching role found for uart_0:s1:readyfordata (readyfordata)"
Info: abus_avalon_sdram_bridge_0: "wasca" instantiated abus_avalon_sdram_bridge "abus_avalon_sdram_bridge_0"
Info: altpll_1: "wasca" instantiated altpll "altpll_1"
Info: buffered_spi_0: "wasca" instantiated buffered_spi "buffered_spi_0"
Info: extra_leds: Starting RTL generation for module 'wasca_extra_leds'
Info: extra_leds:   Generation command is [exec D:/altera/15.1/quartus/bin64/perl/bin/perl.exe -I D:/altera/15.1/quartus/bin64/perl/lib -I D:/altera/15.1/quartus/sopc_builder/bin/europa -I D:/altera/15.1/quartus/sopc_builder/bin/perl_lib -I D:/altera/15.1/quartus/sopc_builder/bin -I D:/altera/15.1/quartus/../ip/altera/sopc_builder_ip/common -I D:/altera/15.1/quartus/../ip/altera/sopc_builder_ip/altera_avalon_pio -- D:/altera/15.1/quartus/../ip/altera/sopc_builder_ip/altera_avalon_pio/generate_rtl.pl --name=wasca_extra_leds --dir=C:/Users/user/AppData/Local/Temp/alt8553_1529283482481958264.dir/0005_extra_leds_gen/ --quartus_dir=D:/altera/15.1/quartus --verilog --config=C:/Users/user/AppData/Local/Temp/alt8553_1529283482481958264.dir/0005_extra_leds_gen//wasca_extra_leds_component_configuration.pl  --do_build_sim=0  ]
Info: extra_leds: Done RTL generation for module 'wasca_extra_leds'
Info: extra_leds: "wasca" instantiated altera_avalon_pio "extra_leds"
Info: hex0: Starting RTL generation for module 'wasca_hex0'
Info: hex0:   Generation command is [exec D:/altera/15.1/quartus/bin64/perl/bin/perl.exe -I D:/altera/15.1/quartus/bin64/perl/lib -I D:/altera/15.1/quartus/sopc_builder/bin/europa -I D:/altera/15.1/quartus/sopc_builder/bin/perl_lib -I D:/altera/15.1/quartus/sopc_builder/bin -I D:/altera/15.1/quartus/../ip/altera/sopc_builder_ip/common -I D:/altera/15.1/quartus/../ip/altera/sopc_builder_ip/altera_avalon_pio -- D:/altera/15.1/quartus/../ip/altera/sopc_builder_ip/altera_avalon_pio/generate_rtl.pl --name=wasca_hex0 --dir=C:/Users/user/AppData/Local/Temp/alt8553_1529283482481958264.dir/0006_hex0_gen/ --quartus_dir=D:/altera/15.1/quartus --verilog --config=C:/Users/user/AppData/Local/Temp/alt8553_1529283482481958264.dir/0006_hex0_gen//wasca_hex0_component_configuration.pl  --do_build_sim=0  ]
Info: hex0: Done RTL generation for module 'wasca_hex0'
Info: hex0: "wasca" instantiated altera_avalon_pio "hex0"
Info: hexdot: Starting RTL generation for module 'wasca_hexdot'
Info: hexdot:   Generation command is [exec D:/altera/15.1/quartus/bin64/perl/bin/perl.exe -I D:/altera/15.1/quartus/bin64/perl/lib -I D:/altera/15.1/quartus/sopc_builder/bin/europa -I D:/altera/15.1/quartus/sopc_builder/bin/perl_lib -I D:/altera/15.1/quartus/sopc_builder/bin -I D:/altera/15.1/quartus/../ip/altera/sopc_builder_ip/common -I D:/altera/15.1/quartus/../ip/altera/sopc_builder_ip/altera_avalon_pio -- D:/altera/15.1/quartus/../ip/altera/sopc_builder_ip/altera_avalon_pio/generate_rtl.pl --name=wasca_hexdot --dir=C:/Users/user/AppData/Local/Temp/alt8553_1529283482481958264.dir/0007_hexdot_gen/ --quartus_dir=D:/altera/15.1/quartus --verilog --config=C:/Users/user/AppData/Local/Temp/alt8553_1529283482481958264.dir/0007_hexdot_gen//wasca_hexdot_component_configuration.pl  --do_build_sim=0  ]
Info: hexdot: Done RTL generation for module 'wasca_hexdot'
Info: hexdot: "wasca" instantiated altera_avalon_pio "hexdot"
Info: leds: Starting RTL generation for module 'wasca_leds'
Info: leds:   Generation command is [exec D:/altera/15.1/quartus/bin64/perl/bin/perl.exe -I D:/altera/15.1/quartus/bin64/perl/lib -I D:/altera/15.1/quartus/sopc_builder/bin/europa -I D:/altera/15.1/quartus/sopc_builder/bin/perl_lib -I D:/altera/15.1/quartus/sopc_builder/bin -I D:/altera/15.1/quartus/../ip/altera/sopc_builder_ip/common -I D:/altera/15.1/quartus/../ip/altera/sopc_builder_ip/altera_avalon_pio -- D:/altera/15.1/quartus/../ip/altera/sopc_builder_ip/altera_avalon_pio/generate_rtl.pl --name=wasca_leds --dir=C:/Users/user/AppData/Local/Temp/alt8553_1529283482481958264.dir/0008_leds_gen/ --quartus_dir=D:/altera/15.1/quartus --verilog --config=C:/Users/user/AppData/Local/Temp/alt8553_1529283482481958264.dir/0008_leds_gen//wasca_leds_component_configuration.pl  --do_build_sim=0  ]
Info: leds: Done RTL generation for module 'wasca_leds'
Info: leds: "wasca" instantiated altera_avalon_pio "leds"
Info: nios2_gen2_0: "wasca" instantiated altera_nios2_gen2 "nios2_gen2_0"
Info: onchip_flash_0: Generating top-level entity altera_onchip_flash
Info: onchip_flash_0: "wasca" instantiated altera_onchip_flash "onchip_flash_0"
Info: onchip_memory2_0: Starting RTL generation for module 'wasca_onchip_memory2_0'
Info: onchip_memory2_0:   Generation command is [exec D:/altera/15.1/quartus/bin64/perl/bin/perl.exe -I D:/altera/15.1/quartus/bin64/perl/lib -I D:/altera/15.1/quartus/sopc_builder/bin/europa -I D:/altera/15.1/quartus/sopc_builder/bin/perl_lib -I D:/altera/15.1/quartus/sopc_builder/bin -I D:/altera/15.1/quartus/../ip/altera/sopc_builder_ip/common -I D:/altera/15.1/quartus/../ip/altera/sopc_builder_ip/altera_avalon_onchip_memory2 -- D:/altera/15.1/quartus/../ip/altera/sopc_builder_ip/altera_avalon_onchip_memory2/generate_rtl.pl --name=wasca_onchip_memory2_0 --dir=C:/Users/user/AppData/Local/Temp/alt8553_1529283482481958264.dir/0010_onchip_memory2_0_gen/ --quartus_dir=D:/altera/15.1/quartus --verilog --config=C:/Users/user/AppData/Local/Temp/alt8553_1529283482481958264.dir/0010_onchip_memory2_0_gen//wasca_onchip_memory2_0_component_configuration.pl  --do_build_sim=0  ]
Info: onchip_memory2_0: Done RTL generation for module 'wasca_onchip_memory2_0'
Info: onchip_memory2_0: "wasca" instantiated altera_avalon_onchip_memory2 "onchip_memory2_0"
Info: performance_counter_0: Starting RTL generation for module 'wasca_performance_counter_0'
Info: performance_counter_0:   Generation command is [exec D:/altera/15.1/quartus/bin64/perl/bin/perl.exe -I D:/altera/15.1/quartus/bin64/perl/lib -I D:/altera/15.1/quartus/sopc_builder/bin/europa -I D:/altera/15.1/quartus/sopc_builder/bin/perl_lib -I D:/altera/15.1/quartus/sopc_builder/bin -I D:/altera/15.1/quartus/../ip/altera/sopc_builder_ip/common -I D:/altera/15.1/quartus/../ip/altera/sopc_builder_ip/altera_avalon_performance_counter -- D:/altera/15.1/quartus/../ip/altera/sopc_builder_ip/altera_avalon_performance_counter/generate_rtl.pl --name=wasca_performance_counter_0 --dir=C:/Users/user/AppData/Local/Temp/alt8553_1529283482481958264.dir/0011_performance_counter_0_gen/ --quartus_dir=D:/altera/15.1/quartus --verilog --config=C:/Users/user/AppData/Local/Temp/alt8553_1529283482481958264.dir/0011_performance_counter_0_gen//wasca_performance_counter_0_component_configuration.pl  --do_build_sim=0  ]
Info: performance_counter_0: Done RTL generation for module 'wasca_performance_counter_0'
Info: performance_counter_0: "wasca" instantiated altera_avalon_performance_counter "performance_counter_0"
Info: reset_controller_0: "wasca" instantiated altera_reset_controller "reset_controller_0"
Info: spi_sync: Starting RTL generation for module 'wasca_spi_sync'
Info: spi_sync:   Generation command is [exec D:/altera/15.1/quartus/bin64/perl/bin/perl.exe -I D:/altera/15.1/quartus/bin64/perl/lib -I D:/altera/15.1/quartus/sopc_builder/bin/europa -I D:/altera/15.1/quartus/sopc_builder/bin/perl_lib -I D:/altera/15.1/quartus/sopc_builder/bin -I D:/altera/15.1/quartus/../ip/altera/sopc_builder_ip/common -I D:/altera/15.1/quartus/../ip/altera/sopc_builder_ip/altera_avalon_pio -- D:/altera/15.1/quartus/../ip/altera/sopc_builder_ip/altera_avalon_pio/generate_rtl.pl --name=wasca_spi_sync --dir=C:/Users/user/AppData/Local/Temp/alt8553_1529283482481958264.dir/0013_spi_sync_gen/ --quartus_dir=D:/altera/15.1/quartus --verilog --config=C:/Users/user/AppData/Local/Temp/alt8553_1529283482481958264.dir/0013_spi_sync_gen//wasca_spi_sync_component_configuration.pl  --do_build_sim=0  ]
Info: spi_sync: Done RTL generation for module 'wasca_spi_sync'
Info: spi_sync: "wasca" instantiated altera_avalon_pio "spi_sync"
Info: switches: Starting RTL generation for module 'wasca_switches'
Info: switches:   Generation command is [exec D:/altera/15.1/quartus/bin64/perl/bin/perl.exe -I D:/altera/15.1/quartus/bin64/perl/lib -I D:/altera/15.1/quartus/sopc_builder/bin/europa -I D:/altera/15.1/quartus/sopc_builder/bin/perl_lib -I D:/altera/15.1/quartus/sopc_builder/bin -I D:/altera/15.1/quartus/../ip/altera/sopc_builder_ip/common -I D:/altera/15.1/quartus/../ip/altera/sopc_builder_ip/altera_avalon_pio -- D:/altera/15.1/quartus/../ip/altera/sopc_builder_ip/altera_avalon_pio/generate_rtl.pl --name=wasca_switches --dir=C:/Users/user/AppData/Local/Temp/alt8553_1529283482481958264.dir/0014_switches_gen/ --quartus_dir=D:/altera/15.1/quartus --verilog --config=C:/Users/user/AppData/Local/Temp/alt8553_1529283482481958264.dir/0014_switches_gen//wasca_switches_component_configuration.pl  --do_build_sim=0  ]
Info: switches: Done RTL generation for module 'wasca_switches'
Info: switches: "wasca" instantiated altera_avalon_pio "switches"
Info: uart_0: Starting RTL generation for module 'wasca_uart_0'
Info: uart_0:   Generation command is [exec D:/altera/15.1/quartus/bin64/perl/bin/perl.exe -I D:/altera/15.1/quartus/bin64/perl/lib -I D:/altera/15.1/quartus/sopc_builder/bin/europa -I D:/altera/15.1/quartus/sopc_builder/bin/perl_lib -I D:/altera/15.1/quartus/sopc_builder/bin -I D:/altera/15.1/quartus/../ip/altera/sopc_builder_ip/common -I D:/altera/15.1/quartus/../ip/altera/sopc_builder_ip/altera_avalon_uart -- D:/altera/15.1/quartus/../ip/altera/sopc_builder_ip/altera_avalon_uart/generate_rtl.pl --name=wasca_uart_0 --dir=C:/Users/user/AppData/Local/Temp/alt8553_1529283482481958264.dir/0015_uart_0_gen/ --quartus_dir=D:/altera/15.1/quartus --verilog --config=C:/Users/user/AppData/Local/Temp/alt8553_1529283482481958264.dir/0015_uart_0_gen//wasca_uart_0_component_configuration.pl  --do_build_sim=0  ]
Info: uart_0: Done RTL generation for module 'wasca_uart_0'
Info: uart_0: "wasca" instantiated altera_avalon_uart "uart_0"
Info: avalon_st_adapter: Inserting error_adapter: error_adapter_0
Info: avalon_st_adapter_001: Inserting error_adapter: error_adapter_0
Info: avalon_st_adapter_002: Inserting error_adapter: error_adapter_0
Info: avalon_st_adapter_003: Inserting error_adapter: error_adapter_0
Info: avalon_st_adapter_004: Inserting error_adapter: error_adapter_0
Info: avalon_st_adapter_005: Inserting error_adapter: error_adapter_0
Info: avalon_st_adapter_006: Inserting error_adapter: error_adapter_0
Info: avalon_st_adapter_007: Inserting error_adapter: error_adapter_0
Info: avalon_st_adapter_008: Inserting error_adapter: error_adapter_0
Info: avalon_st_adapter_009: Inserting error_adapter: error_adapter_0
Info: avalon_st_adapter_010: Inserting error_adapter: error_adapter_0
Info: avalon_st_adapter_011: Inserting error_adapter: error_adapter_0
Info: avalon_st_adapter_012: Inserting error_adapter: error_adapter_0
Info: avalon_st_adapter_013: Inserting error_adapter: error_adapter_0
Info: avalon_st_adapter_014: Inserting error_adapter: error_adapter_0
Info: avalon_st_adapter_015: Inserting error_adapter: error_adapter_0
Info: avalon_st_adapter_016: Inserting error_adapter: error_adapter_0
Info: avalon_st_adapter_017: Inserting error_adapter: error_adapter_0
Info: avalon_st_adapter_018: Inserting error_adapter: error_adapter_0
Info: avalon_st_adapter_019: Inserting error_adapter: error_adapter_0
Info: avalon_st_adapter_020: Inserting error_adapter: error_adapter_0
Info: mm_interconnect_0: "wasca" instantiated altera_mm_interconnect "mm_interconnect_0"
Info: irq_mapper: "wasca" instantiated altera_irq_mapper "irq_mapper"
Info: cpu: Starting RTL generation for module 'wasca_nios2_gen2_0_cpu'
Info: cpu:   Generation command is [exec D:/altera/15.1/quartus/bin64//eperlcmd.exe -I D:/altera/15.1/quartus/bin64//perl/lib -I D:/altera/15.1/quartus/sopc_builder/bin/europa -I D:/altera/15.1/quartus/sopc_builder/bin/perl_lib -I D:/altera/15.1/quartus/sopc_builder/bin -I D:/altera/15.1/quartus/../ip/altera/nios2_ip/altera_nios2_gen2/cpu_lib -I D:/altera/15.1/quartus/../ip/altera/nios2_ip/altera_nios2_gen2/nios_lib -I D:/altera/15.1/quartus/../ip/altera/nios2_ip/altera_nios2_gen2 -I D:/altera/15.1/quartus/../ip/altera/nios2_ip/altera_nios2_gen2 -- D:/altera/15.1/quartus/../ip/altera/nios2_ip/altera_nios2_gen2/generate_rtl.epl --name=wasca_nios2_gen2_0_cpu --dir=C:/Users/user/AppData/Local/Temp/alt8553_1529283482481958264.dir/0017_cpu_gen/ --quartus_bindir=D:/altera/15.1/quartus/bin64/ --verilog --config=C:/Users/user/AppData/Local/Temp/alt8553_1529283482481958264.dir/0017_cpu_gen//wasca_nios2_gen2_0_cpu_processor_configuration.pl  --do_build_sim=0  ]
Info: cpu: # 2020.10.18 21:01:36 (*) Starting Nios II generation
Info: cpu: # 2020.10.18 21:01:36 (*)   Checking for plaintext license.
Info: cpu: # 2020.10.18 21:01:37 (*)   Couldn't query license setup in Quartus directory D:/altera/15.1/quartus/bin64/
Info: cpu: # 2020.10.18 21:01:37 (*)   Defaulting to contents of LM_LICENSE_FILE environment variable
Info: cpu: # 2020.10.18 21:01:37 (*)   LM_LICENSE_FILE environment variable is empty
Info: cpu: # 2020.10.18 21:01:37 (*)   Plaintext license not found.
Info: cpu: # 2020.10.18 21:01:37 (*)   No license required to generate encrypted Nios II/e.
Info: cpu: # 2020.10.18 21:01:37 (*)   Elaborating CPU configuration settings
Info: cpu: # 2020.10.18 21:01:37 (*)   Creating all objects for CPU
Info: cpu: # 2020.10.18 21:01:39 (*)   Generating RTL from CPU objects
Info: cpu: # 2020.10.18 21:01:39 (*)   Creating plain-text RTL
Info: cpu: # 2020.10.18 21:01:41 (*) Done Nios II generation
Info: cpu: Done RTL generation for module 'wasca_nios2_gen2_0_cpu'
Info: cpu: "nios2_gen2_0" instantiated altera_nios2_gen2_unit "cpu"
Info: nios2_gen2_0_data_master_translator: "mm_interconnect_0" instantiated altera_merlin_master_translator "nios2_gen2_0_data_master_translator"
Info: buffered_spi_0_avalon_translator: "mm_interconnect_0" instantiated altera_merlin_slave_translator "buffered_spi_0_avalon_translator"
Info: nios2_gen2_0_data_master_agent: "mm_interconnect_0" instantiated altera_merlin_master_agent "nios2_gen2_0_data_master_agent"
Info: buffered_spi_0_avalon_agent: "mm_interconnect_0" instantiated altera_merlin_slave_agent "buffered_spi_0_avalon_agent"
Info: buffered_spi_0_avalon_agent_rsp_fifo: "mm_interconnect_0" instantiated altera_avalon_sc_fifo "buffered_spi_0_avalon_agent_rsp_fifo"
Info: router: "mm_interconnect_0" instantiated altera_merlin_router "router"
Info: router_001: "mm_interconnect_0" instantiated altera_merlin_router "router_001"
Info: router_002: "mm_interconnect_0" instantiated altera_merlin_router "router_002"
Info: router_005: "mm_interconnect_0" instantiated altera_merlin_router "router_005"
Info: router_007: "mm_interconnect_0" instantiated altera_merlin_router "router_007"
Info: buffered_spi_0_avalon_burst_adapter: "mm_interconnect_0" instantiated altera_merlin_burst_adapter "buffered_spi_0_avalon_burst_adapter"
Info: cmd_demux: "mm_interconnect_0" instantiated altera_merlin_demultiplexer "cmd_demux"
Info: cmd_demux_001: "mm_interconnect_0" instantiated altera_merlin_demultiplexer "cmd_demux_001"
Info: cmd_mux: "mm_interconnect_0" instantiated altera_merlin_multiplexer "cmd_mux"
Info: cmd_mux_005: "mm_interconnect_0" instantiated altera_merlin_multiplexer "cmd_mux_005"
Info: Reusing file D:/m10brd_r07/max10/r07c_de10_20201014_abus4/wasca/synthesis/submodules/altera_merlin_arbitrator.sv
Info: rsp_demux: "mm_interconnect_0" instantiated altera_merlin_demultiplexer "rsp_demux"
Info: rsp_demux_005: "mm_interconnect_0" instantiated altera_merlin_demultiplexer "rsp_demux_005"
Info: rsp_demux_007: "mm_interconnect_0" instantiated altera_merlin_demultiplexer "rsp_demux_007"
Info: rsp_mux: "mm_interconnect_0" instantiated altera_merlin_multiplexer "rsp_mux"
Info: Reusing file D:/m10brd_r07/max10/r07c_de10_20201014_abus4/wasca/synthesis/submodules/altera_merlin_arbitrator.sv
Info: rsp_mux_001: "mm_interconnect_0" instantiated altera_merlin_multiplexer "rsp_mux_001"
Info: Reusing file D:/m10brd_r07/max10/r07c_de10_20201014_abus4/wasca/synthesis/submodules/altera_merlin_arbitrator.sv
Info: buffered_spi_0_avalon_rsp_width_adapter: "mm_interconnect_0" instantiated altera_merlin_width_adapter "buffered_spi_0_avalon_rsp_width_adapter"
Info: Reusing file D:/m10brd_r07/max10/r07c_de10_20201014_abus4/wasca/synthesis/submodules/altera_merlin_address_alignment.sv
Info: Reusing file D:/m10brd_r07/max10/r07c_de10_20201014_abus4/wasca/synthesis/submodules/altera_merlin_burst_uncompressor.sv
Info: crosser: "mm_interconnect_0" instantiated altera_avalon_st_handshake_clock_crosser "crosser"
Info: Reusing file D:/m10brd_r07/max10/r07c_de10_20201014_abus4/wasca/synthesis/submodules/altera_avalon_st_pipeline_base.v
Info: avalon_st_adapter: "mm_interconnect_0" instantiated altera_avalon_st_adapter "avalon_st_adapter"
Info: avalon_st_adapter_003: "mm_interconnect_0" instantiated altera_avalon_st_adapter "avalon_st_adapter_003"
Info: error_adapter_0: "avalon_st_adapter" instantiated error_adapter "error_adapter_0"
Info: error_adapter_0: "avalon_st_adapter_003" instantiated error_adapter "error_adapter_0"
Info: wasca: Done "wasca" with 45 modules, 74 files
Info: qsys-generate succeeded.
Info: Finished: Create HDL design files for synthesis
